<?xml version="1.0" encoding="UTF-8"?>
<!-- Generated by org.testng.reporters.JUnitReportReporter -->
<testsuite hostname="CMLCOLOMBO5249" failures="0" tests="1" name="LoginTest" time="11.535" errors="0" timestamp="2025-04-14T22:05:10 IST" skipped="0">
  <testcase classname="LoginTest" name="validLogin" time="11.535"/>
</testsuite> <!-- LoginTest -->
